Setting environment for using Microsoft Visual Studio 2010 x86 tools.
###
### Using 'vc10' toolset.
###

D:\SVN\Protector\Protector Engine\branches\NetProtector\Common\AdditionalLibraries\boost\tools\jam\src>if exist bootstrap rd /S /Q bootstrap 

D:\SVN\Protector\Protector Engine\branches\NetProtector\Common\AdditionalLibraries\boost\tools\jam\src>md bootstrap 

D:\SVN\Protector\Protector Engine\branches\NetProtector\Common\AdditionalLibraries\boost\tools\jam\src>cl /nologo /RTC1 /Zi /MTd /Fobootstrap/ /Fdbootstrap/ -DNT -DYYDEBUG -wd4996 kernel32.lib advapi32.lib user32.lib /Febootstrap\jam0  command.c compile.c debug.c execnt.c expand.c filent.c glob.c hash.c hdrmacro.c headers.c jam.c jambase.c jamgram.c lists.c make.c make1.c newstr.c option.c output.c parse.c pathunix.c regexp.c rules.c scan.c search.c subst.c timestamp.c variable.c modules.c strings.c filesys.c builtins.c pwd.c class.c w32_getreg.c native.c modules/set.c modules/path.c modules/regex.c modules/property-set.c modules/sequence.c modules/order.c 
command.c
compile.c
debug.c
execnt.c
expand.c
filent.c
glob.c
hash.c
hdrmacro.c
headers.c
jam.c
jambase.c
jamgram.c
lists.c
make.c
make1.c
newstr.c
option.c
output.c
parse.c
Generating Code...
Compiling...
pathunix.c
regexp.c
rules.c
scan.c
search.c
subst.c
timestamp.c
variable.c
modules.c
strings.c
filesys.c
builtins.c
pwd.c
class.c
w32_getreg.c
native.c
set.c
path.c
regex.c
property-set.c
Generating Code...
Compiling...
sequence.c
order.c
Generating Code...

D:\SVN\Protector\Protector Engine\branches\NetProtector\Common\AdditionalLibraries\boost\tools\jam\src>.\bootstrap\jam0 -f build.jam --toolset=vc10 "--toolset-root=C:\Program Files (x86)\Microsoft Visual Studio 10.0\Common7\Tools\..\..\VC\ " clean 
Завершить выполнение пакетного файла [Y(да)/N(нет)]? 
Завершить выполнение пакетного файла [Y(да)/N(нет)]? 
Завершить выполнение пакетного файла [Y(да)/N(нет)]? 

D:\SVN\Protector\Protector Engine\branches\NetProtector\Common\AdditionalLibraries\boost\tools\jam\src>